<?xml version="1.0" encoding="UTF-8"?>
<!-- Generated by org.testng.reporters.JUnitXMLReporter -->
<testsuite ignored="0" hostname="DESKTOP-HA83NQG" failures="0" tests="5" name="Test" time="45.731" errors="0" timestamp="11 Mar 2023 10:12:34 GMT">
  <testcase classname="example.example.tests.GoogleSearchTest" name="Google search test" time="13.389"/>
  <testcase classname="example.example.tests.GoogleSearchTest" name="Google search test" time="11.459"/>
  <testcase classname="example.example.tests.GoogleSearchTest" name="Google search test" time="5.828"/>
  <testcase classname="example.example.tests.GoogleSearchTest" name="Google search test" time="3.799"/>
  <testcase classname="example.example.tests.GoogleSearchTest" name="Google search test" time="6.266"/>
</testsuite> <!-- Test -->
